# JRE version: OpenJDK Runtime Environment (21.0.5) (build 21.0.5+-13047016-b750.29)
# Java VM: OpenJDK 64-Bit Server VM (21.0.5+-13047016-b750.29, mixed mode, tiered, compressed oops, compressed class ptrs, g1 gc, windows-amd64)
GC Precious Log:
 CardTable entry size: 512
 Card Set container configuration: InlinePtr #cards 4 size 8 Array Of Cards #cards 16 size 48 Howl #buckets 8 coarsen threshold 3686 Howl Bitmap #cards 512 size 80 coarsen threshold 460 Card regions per heap region 1 cards per card region 4096
 CPUs: 6 total, 6 available
 Memory: 16315M
 Large Page Support: Disabled
 NUMA Support: Disabled
 Compressed Oops: Enabled (Zero based)
 Heap Region Size: 2M
 Heap Min Capacity: 8M
 Heap Initial Capacity: 256M
 Heap Max Capacity: 4080M
 Pre-touch: Disabled
 Parallel Workers: 6
 Concurrent Workers: 2
 Concurrent Refinement Workers: 6
 Periodic GC: Disabled
Heap:
 garbage-first heap   total 188416K, used 137216K [0x0000000701000000, 0x0000000800000000)
  region size 2048K, 36 young (73728K), 4 survivors (8192K)
 Metaspace       used 75127K, committed 75392K, reserved 1179648K
  class space    used 8094K, committed 8192K, reserved 1048576K
GC Heap History (20 events):
Event: 1.091 GC heap before
{Heap before GC invocations=3 (full 0):
 garbage-first heap   total 34816K, used 33048K [0x0000000701000000, 0x0000000800000000)
  region size 2048K, 15 young (30720K), 3 survivors (6144K)
 Metaspace       used 24762K, committed 25024K, reserved 1114112K
  class space    used 2612K, committed 2752K, reserved 1048576K
}
Event: 1.097 GC heap after
{Heap after GC invocations=4 (full 0):
 garbage-first heap   total 47104K, used 15777K [0x0000000701000000, 0x0000000800000000)
  region size 2048K, 6 young (12288K), 6 survivors (12288K)
 Metaspace       used 24762K, committed 25024K, reserved 1114112K
  class space    used 2612K, committed 2752K, reserved 1048576K
}
Event: 1.293 GC heap before
{Heap before GC invocations=4 (full 0):
 garbage-first heap   total 47104K, used 30113K [0x0000000701000000, 0x0000000800000000)
  region size 2048K, 13 young (26624K), 6 survivors (12288K)
 Metaspace       used 28362K, committed 28608K, reserved 1114112K
  class space    used 2987K, committed 3072K, reserved 1048576K
}
Event: 1.298 GC heap after
{Heap after GC invocations=5 (full 0):
 garbage-first heap   total 47104K, used 17019K [0x0000000701000000, 0x0000000800000000)
  region size 2048K, 1 young (2048K), 1 survivors (2048K)
 Metaspace       used 28362K, committed 28608K, reserved 1114112K
  class space    used 2987K, committed 3072K, reserved 1048576K
}
Event: 1.561 GC heap before
{Heap before GC invocations=5 (full 0):
 garbage-first heap   total 47104K, used 35451K [0x0000000701000000, 0x0000000800000000)
  region size 2048K, 10 young (20480K), 1 survivors (2048K)
 Metaspace       used 33240K, committed 33472K, reserved 1114112K
  class space    used 4007K, committed 4096K, reserved 1048576K
}
Event: 1.565 GC heap after
{Heap after GC invocations=6 (full 0):
 garbage-first heap   total 47104K, used 18681K [0x0000000701000000, 0x0000000800000000)
  region size 2048K, 2 young (4096K), 2 survivors (4096K)
 Metaspace       used 33240K, committed 33472K, reserved 1114112K
  class space    used 4007K, committed 4096K, reserved 1048576K
}
Event: 1.690 GC heap before
{Heap before GC invocations=6 (full 0):
 garbage-first heap   total 47104K, used 28921K [0x0000000701000000, 0x0000000800000000)
  region size 2048K, 8 young (16384K), 2 survivors (4096K)
 Metaspace       used 35877K, committed 36096K, reserved 1114112K
  class space    used 4279K, committed 4352K, reserved 1048576K
}
Event: 1.693 GC heap after
{Heap after GC invocations=7 (full 0):
 garbage-first heap   total 47104K, used 19372K [0x0000000701000000, 0x0000000800000000)
  region size 2048K, 1 young (2048K), 1 survivors (2048K)
 Metaspace       used 35877K, committed 36096K, reserved 1114112K
  class space    used 4279K, committed 4352K, reserved 1048576K
}
Event: 1.909 GC heap before
{Heap before GC invocations=8 (full 0):
 garbage-first heap   total 47104K, used 33708K [0x0000000701000000, 0x0000000800000000)
  region size 2048K, 9 young (18432K), 1 survivors (2048K)
 Metaspace       used 40358K, committed 40640K, reserved 1114112K
  class space    used 4736K, committed 4864K, reserved 1048576K
}
Event: 1.912 GC heap after
{Heap after GC invocations=9 (full 0):
 garbage-first heap   total 155648K, used 20059K [0x0000000701000000, 0x0000000800000000)
  region size 2048K, 1 young (2048K), 1 survivors (2048K)
 Metaspace       used 40358K, committed 40640K, reserved 1114112K
  class space    used 4736K, committed 4864K, reserved 1048576K
}
Event: 3.179 GC heap before
{Heap before GC invocations=9 (full 0):
 garbage-first heap   total 155648K, used 108123K [0x0000000701000000, 0x0000000800000000)
  region size 2048K, 45 young (92160K), 1 survivors (2048K)
 Metaspace       used 56163K, committed 56448K, reserved 1114112K
  class space    used 6387K, committed 6528K, reserved 1048576K
}
Event: 3.194 GC heap after
{Heap after GC invocations=10 (full 0):
 garbage-first heap   total 155648K, used 33780K [0x0000000701000000, 0x0000000800000000)
  region size 2048K, 6 young (12288K), 6 survivors (12288K)
 Metaspace       used 56163K, committed 56448K, reserved 1114112K
  class space    used 6387K, committed 6528K, reserved 1048576K
}
Event: 4.008 GC heap before
{Heap before GC invocations=10 (full 0):
 garbage-first heap   total 155648K, used 99316K [0x0000000701000000, 0x0000000800000000)
  region size 2048K, 39 young (79872K), 6 survivors (12288K)
 Metaspace       used 60337K, committed 60608K, reserved 1114112K
  class space    used 6774K, committed 6912K, reserved 1048576K
}
Event: 4.028 GC heap after
{Heap after GC invocations=11 (full 0):
 garbage-first heap   total 155648K, used 49152K [0x0000000701000000, 0x0000000800000000)
  region size 2048K, 6 young (12288K), 6 survivors (12288K)
 Metaspace       used 60337K, committed 60608K, reserved 1114112K
  class space    used 6774K, committed 6912K, reserved 1048576K
}
Event: 5.018 GC heap before
{Heap before GC invocations=12 (full 0):
 garbage-first heap   total 155648K, used 116736K [0x0000000701000000, 0x0000000800000000)
  region size 2048K, 39 young (79872K), 6 survivors (12288K)
 Metaspace       used 63789K, committed 64128K, reserved 1114112K
  class space    used 7192K, committed 7360K, reserved 1048576K
}
Event: 5.034 GC heap after
{Heap after GC invocations=13 (full 0):
 garbage-first heap   total 155648K, used 59888K [0x0000000701000000, 0x0000000800000000)
  region size 2048K, 5 young (10240K), 5 survivors (10240K)
 Metaspace       used 63789K, committed 64128K, reserved 1114112K
  class space    used 7192K, committed 7360K, reserved 1048576K
}
Event: 5.764 GC heap before
{Heap before GC invocations=13 (full 0):
 garbage-first heap   total 155648K, used 121328K [0x0000000701000000, 0x0000000800000000)
  region size 2048K, 35 young (71680K), 5 survivors (10240K)
 Metaspace       used 66854K, committed 67200K, reserved 1114112K
  class space    used 7461K, committed 7616K, reserved 1048576K
}
Event: 5.778 GC heap after
{Heap after GC invocations=14 (full 0):
 garbage-first heap   total 155648K, used 65344K [0x0000000701000000, 0x0000000800000000)
  region size 2048K, 3 young (6144K), 3 survivors (6144K)
 Metaspace       used 66854K, committed 67200K, reserved 1114112K
  class space    used 7461K, committed 7616K, reserved 1048576K
}
Event: 6.548 GC heap before
{Heap before GC invocations=14 (full 0):
 garbage-first heap   total 155648K, used 128832K [0x0000000701000000, 0x0000000800000000)
  region size 2048K, 34 young (69632K), 3 survivors (6144K)
 Metaspace       used 68756K, committed 69056K, reserved 1114112K
  class space    used 7538K, committed 7680K, reserved 1048576K
}
Event: 6.561 GC heap after
{Heap after GC invocations=15 (full 0):
 garbage-first heap   total 188416K, used 73728K [0x0000000701000000, 0x0000000800000000)
  region size 2048K, 4 young (8192K), 4 survivors (8192K)
 Metaspace       used 68756K, committed 69056K, reserved 1114112K
  class space    used 7538K, committed 7680K, reserved 1048576K
}

